# JRE version: OpenJDK Runtime Environment Temurin-21.0.10+7 (21.0.10+7) (build 21.0.10+7-LTS)
# Java VM: OpenJDK 64-Bit Server VM Temurin-21.0.10+7 (21.0.10+7-LTS, mixed mode, sharing, tiered, compressed oops, compressed class ptrs, parallel gc, windows-amd64)
GC Precious Log:
 CardTable entry size: 512
 CPUs: 8 total, 8 available
 Memory: 16256M
 Large Page Support: Disabled
 NUMA Support: Disabled
 Compressed Oops: Enabled (32-bit)
 Alignments: Space 512K, Generation 512K, Heap 2M
 Heap Min Capacity: 100M
 Heap Initial Capacity: 100M
 Heap Max Capacity: 2G
 Pre-touch: Disabled
 Parallel Workers: 8
Heap:
 PSYoungGen      total 2048K, used 1075K [0x00000000d5580000, 0x00000000d5880000, 0x0000000100000000)
  eden space 1536K, 57% used [0x00000000d5580000,0x00000000d565ce18,0x00000000d5700000)
  from space 512K, 37% used [0x00000000d5780000,0x00000000d57b0000,0x00000000d5800000)
  to   space 512K, 0% used [0x00000000d5800000,0x00000000d5800000,0x00000000d5880000)
 ParOldGen       total 247808K, used 247735K [0x0000000080000000, 0x000000008f200000, 0x00000000d5580000)
  object space 247808K, 99% used [0x0000000080000000,0x000000008f1edd60,0x000000008f200000)
 Metaspace       used 80492K, committed 82176K, reserved 1179648K
  class space    used 8208K, committed 8960K, reserved 1048576K
GC Heap History (20 events):
Event: 383.297 GC heap before
{Heap before GC invocations=542 (full 4):
 PSYoungGen      total 2048K, used 1964K [0x00000000d5580000, 0x00000000d5880000, 0x0000000100000000)
  eden space 1536K, 99% used [0x00000000d5580000,0x00000000d56fe1d0,0x00000000d5700000)
  from space 512K, 85% used [0x00000000d5780000,0x00000000d57ed1c8,0x00000000d5800000)
  to   space 512K, 0% used [0x00000000d5800000,0x00000000d5800000,0x00000000d5880000)
 ParOldGen       total 246272K, used 246079K [0x0000000080000000, 0x000000008f080000, 0x00000000d5580000)
  object space 246272K, 99% used [0x0000000080000000,0x000000008f04ffd0,0x000000008f080000)
 Metaspace       used 80468K, committed 82112K, reserved 1179648K
  class space    used 8207K, committed 8960K, reserved 1048576K
}
Event: 383.300 GC heap after
{Heap after GC invocations=542 (full 4):
 PSYoungGen      total 2048K, used 416K [0x00000000d5580000, 0x00000000d5880000, 0x0000000100000000)
  eden space 1536K, 0% used [0x00000000d5580000,0x00000000d5580000,0x00000000d5700000)
  from space 512K, 81% used [0x00000000d5800000,0x00000000d5868000,0x00000000d5880000)
  to   space 512K, 0% used [0x00000000d5780000,0x00000000d5780000,0x00000000d5800000)
 ParOldGen       total 246784K, used 246412K [0x0000000080000000, 0x000000008f100000, 0x00000000d5580000)
  object space 246784K, 99% used [0x0000000080000000,0x000000008f0a3198,0x000000008f100000)
 Metaspace       used 80468K, committed 82112K, reserved 1179648K
  class space    used 8207K, committed 8960K, reserved 1048576K
}
Event: 383.367 GC heap before
{Heap before GC invocations=543 (full 4):
 PSYoungGen      total 2048K, used 1952K [0x00000000d5580000, 0x00000000d5880000, 0x0000000100000000)
  eden space 1536K, 100% used [0x00000000d5580000,0x00000000d5700000,0x00000000d5700000)
  from space 512K, 81% used [0x00000000d5800000,0x00000000d5868000,0x00000000d5880000)
  to   space 512K, 0% used [0x00000000d5780000,0x00000000d5780000,0x00000000d5800000)
 ParOldGen       total 246784K, used 246412K [0x0000000080000000, 0x000000008f100000, 0x00000000d5580000)
  object space 246784K, 99% used [0x0000000080000000,0x000000008f0a3198,0x000000008f100000)
 Metaspace       used 80474K, committed 82112K, reserved 1179648K
  class space    used 8207K, committed 8960K, reserved 1048576K
}
Event: 383.371 GC heap after
{Heap after GC invocations=543 (full 4):
 PSYoungGen      total 2048K, used 482K [0x00000000d5580000, 0x00000000d5880000, 0x0000000100000000)
  eden space 1536K, 0% used [0x00000000d5580000,0x00000000d5580000,0x00000000d5700000)
  from space 512K, 94% used [0x00000000d5780000,0x00000000d57f8b68,0x00000000d5800000)
  to   space 512K, 0% used [0x00000000d5800000,0x00000000d5800000,0x00000000d5880000)
 ParOldGen       total 246784K, used 246700K [0x0000000080000000, 0x000000008f100000, 0x00000000d5580000)
  object space 246784K, 99% used [0x0000000080000000,0x000000008f0eb198,0x000000008f100000)
 Metaspace       used 80474K, committed 82112K, reserved 1179648K
  class space    used 8207K, committed 8960K, reserved 1048576K
}
Event: 383.435 GC heap before
{Heap before GC invocations=544 (full 4):
 PSYoungGen      total 2048K, used 2018K [0x00000000d5580000, 0x00000000d5880000, 0x0000000100000000)
  eden space 1536K, 100% used [0x00000000d5580000,0x00000000d5700000,0x00000000d5700000)
  from space 512K, 94% used [0x00000000d5780000,0x00000000d57f8b68,0x00000000d5800000)
  to   space 512K, 0% used [0x00000000d5800000,0x00000000d5800000,0x00000000d5880000)
 ParOldGen       total 246784K, used 246700K [0x0000000080000000, 0x000000008f100000, 0x00000000d5580000)
  object space 246784K, 99% used [0x0000000080000000,0x000000008f0eb198,0x000000008f100000)
 Metaspace       used 80474K, committed 82112K, reserved 1179648K
  class space    used 8207K, committed 8960K, reserved 1048576K
}
Event: 383.438 GC heap after
{Heap after GC invocations=544 (full 4):
 PSYoungGen      total 2048K, used 467K [0x00000000d5580000, 0x00000000d5880000, 0x0000000100000000)
  eden space 1536K, 0% used [0x00000000d5580000,0x00000000d5580000,0x00000000d5700000)
  from space 512K, 91% used [0x00000000d5800000,0x00000000d5874f18,0x00000000d5880000)
  to   space 512K, 0% used [0x00000000d5780000,0x00000000d5780000,0x00000000d5800000)
 ParOldGen       total 247296K, used 247005K [0x0000000080000000, 0x000000008f180000, 0x00000000d5580000)
  object space 247296K, 99% used [0x0000000080000000,0x000000008f137438,0x000000008f180000)
 Metaspace       used 80474K, committed 82112K, reserved 1179648K
  class space    used 8207K, committed 8960K, reserved 1048576K
}
Event: 384.613 GC heap before
{Heap before GC invocations=545 (full 4):
 PSYoungGen      total 2048K, used 2003K [0x00000000d5580000, 0x00000000d5880000, 0x0000000100000000)
  eden space 1536K, 100% used [0x00000000d5580000,0x00000000d5700000,0x00000000d5700000)
  from space 512K, 91% used [0x00000000d5800000,0x00000000d5874f18,0x00000000d5880000)
  to   space 512K, 0% used [0x00000000d5780000,0x00000000d5780000,0x00000000d5800000)
 ParOldGen       total 247296K, used 247005K [0x0000000080000000, 0x000000008f180000, 0x00000000d5580000)
  object space 247296K, 99% used [0x0000000080000000,0x000000008f137438,0x000000008f180000)
 Metaspace       used 80484K, committed 82112K, reserved 1179648K
  class space    used 8207K, committed 8960K, reserved 1048576K
}
Event: 384.616 GC heap after
{Heap after GC invocations=545 (full 4):
 PSYoungGen      total 2048K, used 160K [0x00000000d5580000, 0x00000000d5880000, 0x0000000100000000)
  eden space 1536K, 0% used [0x00000000d5580000,0x00000000d5580000,0x00000000d5700000)
  from space 512K, 31% used [0x00000000d5780000,0x00000000d57a8000,0x00000000d5800000)
  to   space 512K, 0% used [0x00000000d5800000,0x00000000d5800000,0x00000000d5880000)
 ParOldGen       total 247808K, used 247352K [0x0000000080000000, 0x000000008f200000, 0x00000000d5580000)
  object space 247808K, 99% used [0x0000000080000000,0x000000008f18e350,0x000000008f200000)
 Metaspace       used 80484K, committed 82112K, reserved 1179648K
  class space    used 8207K, committed 8960K, reserved 1048576K
}
Event: 384.684 GC heap before
{Heap before GC invocations=546 (full 4):
 PSYoungGen      total 2048K, used 1696K [0x00000000d5580000, 0x00000000d5880000, 0x0000000100000000)
  eden space 1536K, 100% used [0x00000000d5580000,0x00000000d5700000,0x00000000d5700000)
  from space 512K, 31% used [0x00000000d5780000,0x00000000d57a8000,0x00000000d5800000)
  to   space 512K, 0% used [0x00000000d5800000,0x00000000d5800000,0x00000000d5880000)
 ParOldGen       total 247808K, used 247352K [0x0000000080000000, 0x000000008f200000, 0x00000000d5580000)
  object space 247808K, 99% used [0x0000000080000000,0x000000008f18e350,0x000000008f200000)
 Metaspace       used 80484K, committed 82112K, reserved 1179648K
  class space    used 8207K, committed 8960K, reserved 1048576K
}
Event: 384.687 GC heap after
{Heap after GC invocations=546 (full 4):
 PSYoungGen      total 2048K, used 192K [0x00000000d5580000, 0x00000000d5880000, 0x0000000100000000)
  eden space 1536K, 0% used [0x00000000d5580000,0x00000000d5580000,0x00000000d5700000)
  from space 512K, 37% used [0x00000000d5800000,0x00000000d5830000,0x00000000d5880000)
  to   space 512K, 0% used [0x00000000d5780000,0x00000000d5780000,0x00000000d5800000)
 ParOldGen       total 247808K, used 247471K [0x0000000080000000, 0x000000008f200000, 0x00000000d5580000)
  object space 247808K, 99% used [0x0000000080000000,0x000000008f1abd60,0x000000008f200000)
 Metaspace       used 80484K, committed 82112K, reserved 1179648K
  class space    used 8207K, committed 8960K, reserved 1048576K
}
Event: 384.779 GC heap before
{Heap before GC invocations=547 (full 4):
 PSYoungGen      total 2048K, used 1728K [0x00000000d5580000, 0x00000000d5880000, 0x0000000100000000)
  eden space 1536K, 100% used [0x00000000d5580000,0x00000000d5700000,0x00000000d5700000)
  from space 512K, 37% used [0x00000000d5800000,0x00000000d5830000,0x00000000d5880000)
  to   space 512K, 0% used [0x00000000d5780000,0x00000000d5780000,0x00000000d5800000)
 ParOldGen       total 247808K, used 247471K [0x0000000080000000, 0x000000008f200000, 0x00000000d5580000)
  object space 247808K, 99% used [0x0000000080000000,0x000000008f1abd60,0x000000008f200000)
 Metaspace       used 80484K, committed 82112K, reserved 1179648K
  class space    used 8207K, committed 8960K, reserved 1048576K
}
Event: 384.781 GC heap after
{Heap after GC invocations=547 (full 4):
 PSYoungGen      total 2048K, used 128K [0x00000000d5580000, 0x00000000d5880000, 0x0000000100000000)
  eden space 1536K, 0% used [0x00000000d5580000,0x00000000d5580000,0x00000000d5700000)
  from space 512K, 25% used [0x00000000d5780000,0x00000000d57a0000,0x00000000d5800000)
  to   space 512K, 0% used [0x00000000d5800000,0x00000000d5800000,0x00000000d5880000)
 ParOldGen       total 247808K, used 247511K [0x0000000080000000, 0x000000008f200000, 0x00000000d5580000)
  object space 247808K, 99% used [0x0000000080000000,0x000000008f1b5d60,0x000000008f200000)
 Metaspace       used 80484K, committed 82112K, reserved 1179648K
  class space    used 8207K, committed 8960K, reserved 1048576K
}
Event: 384.880 GC heap before
{Heap before GC invocations=548 (full 4):
 PSYoungGen      total 2048K, used 1664K [0x00000000d5580000, 0x00000000d5880000, 0x0000000100000000)
  eden space 1536K, 100% used [0x00000000d5580000,0x00000000d5700000,0x00000000d5700000)
  from space 512K, 25% used [0x00000000d5780000,0x00000000d57a0000,0x00000000d5800000)
  to   space 512K, 0% used [0x00000000d5800000,0x00000000d5800000,0x00000000d5880000)
 ParOldGen       total 247808K, used 247511K [0x0000000080000000, 0x000000008f200000, 0x00000000d5580000)
  object space 247808K, 99% used [0x0000000080000000,0x000000008f1b5d60,0x000000008f200000)
 Metaspace       used 80484K, committed 82112K, reserved 1179648K
  class space    used 8207K, committed 8960K, reserved 1048576K
}
Event: 384.882 GC heap after
{Heap after GC invocations=548 (full 4):
 PSYoungGen      total 2048K, used 192K [0x00000000d5580000, 0x00000000d5880000, 0x0000000100000000)
  eden space 1536K, 0% used [0x00000000d5580000,0x00000000d5580000,0x00000000d5700000)
  from space 512K, 37% used [0x00000000d5800000,0x00000000d5830000,0x00000000d5880000)
  to   space 512K, 0% used [0x00000000d5780000,0x00000000d5780000,0x00000000d5800000)
 ParOldGen       total 247808K, used 247575K [0x0000000080000000, 0x000000008f200000, 0x00000000d5580000)
  object space 247808K, 99% used [0x0000000080000000,0x000000008f1c5d60,0x000000008f200000)
 Metaspace       used 80484K, committed 82112K, reserved 1179648K
  class space    used 8207K, committed 8960K, reserved 1048576K
}
Event: 384.920 GC heap before
{Heap before GC invocations=549 (full 4):
 PSYoungGen      total 2048K, used 1728K [0x00000000d5580000, 0x00000000d5880000, 0x0000000100000000)
  eden space 1536K, 100% used [0x00000000d5580000,0x00000000d5700000,0x00000000d5700000)
  from space 512K, 37% used [0x00000000d5800000,0x00000000d5830000,0x00000000d5880000)
  to   space 512K, 0% used [0x00000000d5780000,0x00000000d5780000,0x00000000d5800000)
 ParOldGen       total 247808K, used 247575K [0x0000000080000000, 0x000000008f200000, 0x00000000d5580000)
  object space 247808K, 99% used [0x0000000080000000,0x000000008f1c5d60,0x000000008f200000)
 Metaspace       used 80484K, committed 82112K, reserved 1179648K
  class space    used 8207K, committed 8960K, reserved 1048576K
}
Event: 384.923 GC heap after
{Heap after GC invocations=549 (full 4):
 PSYoungGen      total 2048K, used 160K [0x00000000d5580000, 0x00000000d5880000, 0x0000000100000000)
  eden space 1536K, 0% used [0x00000000d5580000,0x00000000d5580000,0x00000000d5700000)
  from space 512K, 31% used [0x00000000d5780000,0x00000000d57a8000,0x00000000d5800000)
  to   space 512K, 0% used [0x00000000d5800000,0x00000000d5800000,0x00000000d5880000)
 ParOldGen       total 247808K, used 247631K [0x0000000080000000, 0x000000008f200000, 0x00000000d5580000)
  object space 247808K, 99% used [0x0000000080000000,0x000000008f1d3d60,0x000000008f200000)
 Metaspace       used 80484K, committed 82112K, reserved 1179648K
  class space    used 8207K, committed 8960K, reserved 1048576K
}
Event: 412.835 GC heap before
{Heap before GC invocations=550 (full 4):
 PSYoungGen      total 2048K, used 1696K [0x00000000d5580000, 0x00000000d5880000, 0x0000000100000000)
  eden space 1536K, 100% used [0x00000000d5580000,0x00000000d5700000,0x00000000d5700000)
  from space 512K, 31% used [0x00000000d5780000,0x00000000d57a8000,0x00000000d5800000)
  to   space 512K, 0% used [0x00000000d5800000,0x00000000d5800000,0x00000000d5880000)
 ParOldGen       total 247808K, used 247631K [0x0000000080000000, 0x000000008f200000, 0x00000000d5580000)
  object space 247808K, 99% used [0x0000000080000000,0x000000008f1d3d60,0x000000008f200000)
 Metaspace       used 80489K, committed 82112K, reserved 1179648K
  class space    used 8207K, committed 8960K, reserved 1048576K
}
Event: 412.837 GC heap after
{Heap after GC invocations=550 (full 4):
 PSYoungGen      total 2048K, used 256K [0x00000000d5580000, 0x00000000d5880000, 0x0000000100000000)
  eden space 1536K, 0% used [0x00000000d5580000,0x00000000d5580000,0x00000000d5700000)
  from space 512K, 50% used [0x00000000d5800000,0x00000000d5840000,0x00000000d5880000)
  to   space 512K, 0% used [0x00000000d5780000,0x00000000d5780000,0x00000000d5800000)
 ParOldGen       total 247808K, used 247671K [0x0000000080000000, 0x000000008f200000, 0x00000000d5580000)
  object space 247808K, 99% used [0x0000000080000000,0x000000008f1ddd60,0x000000008f200000)
 Metaspace       used 80489K, committed 82112K, reserved 1179648K
  class space    used 8207K, committed 8960K, reserved 1048576K
}
Event: 412.980 GC heap before
{Heap before GC invocations=551 (full 4):
 PSYoungGen      total 2048K, used 1591K [0x00000000d5580000, 0x00000000d5880000, 0x0000000100000000)
  eden space 1536K, 86% used [0x00000000d5580000,0x00000000d56cdf80,0x00000000d5700000)
  from space 512K, 50% used [0x00000000d5800000,0x00000000d5840000,0x00000000d5880000)
  to   space 512K, 0% used [0x00000000d5780000,0x00000000d5780000,0x00000000d5800000)
 ParOldGen       total 247808K, used 247671K [0x0000000080000000, 0x000000008f200000, 0x00000000d5580000)
  object space 247808K, 99% used [0x0000000080000000,0x000000008f1ddd60,0x000000008f200000)
 Metaspace       used 80492K, committed 82176K, reserved 1179648K
  class space    used 8208K, committed 8960K, reserved 1048576K
}
Event: 412.982 GC heap after
{Heap after GC invocations=551 (full 4):
 PSYoungGen      total 2048K, used 192K [0x00000000d5580000, 0x00000000d5880000, 0x0000000100000000)
  eden space 1536K, 0% used [0x00000000d5580000,0x00000000d5580000,0x00000000d5700000)
  from space 512K, 37% used [0x00000000d5780000,0x00000000d57b0000,0x00000000d5800000)
  to   space 512K, 0% used [0x00000000d5800000,0x00000000d5800000,0x00000000d5880000)
 ParOldGen       total 247808K, used 247735K [0x0000000080000000, 0x000000008f200000, 0x00000000d5580000)
  object space 247808K, 99% used [0x0000000080000000,0x000000008f1edd60,0x000000008f200000)
 Metaspace       used 80492K, committed 82176K, reserved 1179648K
  class space    used 8208K, committed 8960K, reserved 1048576K
}

