# JRE version: OpenJDK Runtime Environment Temurin-21.0.10+7 (21.0.10+7) (build 21.0.10+7-LTS)
# Java VM: OpenJDK 64-Bit Server VM Temurin-21.0.10+7 (21.0.10+7-LTS, mixed mode, sharing, tiered, compressed oops, compressed class ptrs, parallel gc, windows-amd64)
GC Precious Log:
 CardTable entry size: 512
 CPUs: 8 total, 8 available
 Memory: 16256M
 Large Page Support: Disabled
 NUMA Support: Disabled
 Compressed Oops: Enabled (32-bit)
 Alignments: Space 512K, Generation 512K, Heap 2M
 Heap Min Capacity: 100M
 Heap Initial Capacity: 100M
 Heap Max Capacity: 2G
 Pre-touch: Disabled
 Parallel Workers: 8
Heap:
 PSYoungGen      total 14848K, used 9478K [0x00000000d5580000, 0x00000000d6680000, 0x0000000100000000)
  eden space 13312K, 65% used [0x00000000d5580000,0x00000000d5e0b128,0x00000000d6280000)
  from space 1536K, 47% used [0x00000000d6400000,0x00000000d64b68c8,0x00000000d6580000)
  to   space 1024K, 0% used [0x00000000d6580000,0x00000000d6580000,0x00000000d6680000)
 ParOldGen       total 68608K, used 58687K [0x0000000080000000, 0x0000000084300000, 0x00000000d5580000)
  object space 68608K, 85% used [0x0000000080000000,0x000000008394fda8,0x0000000084300000)
 Metaspace       used 65518K, committed 67072K, reserved 1114112K
  class space    used 6881K, committed 7552K, reserved 1048576K
GC Heap History (20 events):
Event: 126.467 GC heap before
{Heap before GC invocations=43 (full 3):
 PSYoungGen      total 15360K, used 14848K [0x00000000d5580000, 0x00000000d6680000, 0x0000000100000000)
  eden space 14848K, 100% used [0x00000000d5580000,0x00000000d6400000,0x00000000d6400000)
  from space 512K, 0% used [0x00000000d6580000,0x00000000d6580000,0x00000000d6600000)
  to   space 512K, 0% used [0x00000000d6600000,0x00000000d6600000,0x00000000d6680000)
 ParOldGen       total 68608K, used 40821K [0x0000000080000000, 0x0000000084300000, 0x00000000d5580000)
  object space 68608K, 59% used [0x0000000080000000,0x00000000827dd578,0x0000000084300000)
 Metaspace       used 59357K, committed 60864K, reserved 1114112K
  class space    used 6408K, committed 7040K, reserved 1048576K
}
Event: 126.471 GC heap after
{Heap after GC invocations=43 (full 3):
 PSYoungGen      total 13824K, used 499K [0x00000000d5580000, 0x00000000d6b00000, 0x0000000100000000)
  eden space 13312K, 0% used [0x00000000d5580000,0x00000000d5580000,0x00000000d6280000)
  from space 512K, 97% used [0x00000000d6600000,0x00000000d667cd28,0x00000000d6680000)
  to   space 3584K, 0% used [0x00000000d6280000,0x00000000d6280000,0x00000000d6600000)
 ParOldGen       total 68608K, used 43052K [0x0000000080000000, 0x0000000084300000, 0x00000000d5580000)
  object space 68608K, 62% used [0x0000000080000000,0x0000000082a0b208,0x0000000084300000)
 Metaspace       used 59357K, committed 60864K, reserved 1114112K
  class space    used 6408K, committed 7040K, reserved 1048576K
}
Event: 127.513 GC heap before
{Heap before GC invocations=44 (full 3):
 PSYoungGen      total 13824K, used 13811K [0x00000000d5580000, 0x00000000d6b00000, 0x0000000100000000)
  eden space 13312K, 100% used [0x00000000d5580000,0x00000000d6280000,0x00000000d6280000)
  from space 512K, 97% used [0x00000000d6600000,0x00000000d667cd28,0x00000000d6680000)
  to   space 3584K, 0% used [0x00000000d6280000,0x00000000d6280000,0x00000000d6600000)
 ParOldGen       total 68608K, used 43052K [0x0000000080000000, 0x0000000084300000, 0x00000000d5580000)
  object space 68608K, 62% used [0x0000000080000000,0x0000000082a0b208,0x0000000084300000)
 Metaspace       used 60346K, committed 61760K, reserved 1114112K
  class space    used 6492K, committed 7104K, reserved 1048576K
}
Event: 127.519 GC heap after
{Heap after GC invocations=44 (full 3):
 PSYoungGen      total 15360K, used 1581K [0x00000000d5580000, 0x00000000d6680000, 0x0000000100000000)
  eden space 13312K, 0% used [0x00000000d5580000,0x00000000d5580000,0x00000000d6280000)
  from space 2048K, 77% used [0x00000000d6280000,0x00000000d640b458,0x00000000d6480000)
  to   space 2048K, 0% used [0x00000000d6480000,0x00000000d6480000,0x00000000d6680000)
 ParOldGen       total 68608K, used 43552K [0x0000000080000000, 0x0000000084300000, 0x00000000d5580000)
  object space 68608K, 63% used [0x0000000080000000,0x0000000082a88000,0x0000000084300000)
 Metaspace       used 60346K, committed 61760K, reserved 1114112K
  class space    used 6492K, committed 7104K, reserved 1048576K
}
Event: 128.707 GC heap before
{Heap before GC invocations=45 (full 3):
 PSYoungGen      total 15360K, used 14893K [0x00000000d5580000, 0x00000000d6680000, 0x0000000100000000)
  eden space 13312K, 100% used [0x00000000d5580000,0x00000000d6280000,0x00000000d6280000)
  from space 2048K, 77% used [0x00000000d6280000,0x00000000d640b458,0x00000000d6480000)
  to   space 2048K, 0% used [0x00000000d6480000,0x00000000d6480000,0x00000000d6680000)
 ParOldGen       total 68608K, used 43552K [0x0000000080000000, 0x0000000084300000, 0x00000000d5580000)
  object space 68608K, 63% used [0x0000000080000000,0x0000000082a88000,0x0000000084300000)
 Metaspace       used 60953K, committed 62464K, reserved 1114112K
  class space    used 6561K, committed 7168K, reserved 1048576K
}
Event: 128.711 GC heap after
{Heap after GC invocations=45 (full 3):
 PSYoungGen      total 15360K, used 1873K [0x00000000d5580000, 0x00000000d6680000, 0x0000000100000000)
  eden space 13312K, 0% used [0x00000000d5580000,0x00000000d5580000,0x00000000d6280000)
  from space 2048K, 91% used [0x00000000d6480000,0x00000000d66547a0,0x00000000d6680000)
  to   space 2048K, 0% used [0x00000000d6280000,0x00000000d6280000,0x00000000d6480000)
 ParOldGen       total 68608K, used 44968K [0x0000000080000000, 0x0000000084300000, 0x00000000d5580000)
  object space 68608K, 65% used [0x0000000080000000,0x0000000082bea218,0x0000000084300000)
 Metaspace       used 60953K, committed 62464K, reserved 1114112K
  class space    used 6561K, committed 7168K, reserved 1048576K
}
Event: 129.808 GC heap before
{Heap before GC invocations=46 (full 3):
 PSYoungGen      total 15360K, used 15185K [0x00000000d5580000, 0x00000000d6680000, 0x0000000100000000)
  eden space 13312K, 100% used [0x00000000d5580000,0x00000000d6280000,0x00000000d6280000)
  from space 2048K, 91% used [0x00000000d6480000,0x00000000d66547a0,0x00000000d6680000)
  to   space 2048K, 0% used [0x00000000d6280000,0x00000000d6280000,0x00000000d6480000)
 ParOldGen       total 68608K, used 44968K [0x0000000080000000, 0x0000000084300000, 0x00000000d5580000)
  object space 68608K, 65% used [0x0000000080000000,0x0000000082bea218,0x0000000084300000)
 Metaspace       used 61689K, committed 63232K, reserved 1114112K
  class space    used 6584K, committed 7232K, reserved 1048576K
}
Event: 129.814 GC heap after
{Heap after GC invocations=46 (full 3):
 PSYoungGen      total 15360K, used 2039K [0x00000000d5580000, 0x00000000d6b80000, 0x0000000100000000)
  eden space 13312K, 0% used [0x00000000d5580000,0x00000000d5580000,0x00000000d6280000)
  from space 2048K, 99% used [0x00000000d6280000,0x00000000d647de40,0x00000000d6480000)
  to   space 4608K, 0% used [0x00000000d6700000,0x00000000d6700000,0x00000000d6b80000)
 ParOldGen       total 68608K, used 46904K [0x0000000080000000, 0x0000000084300000, 0x00000000d5580000)
  object space 68608K, 68% used [0x0000000080000000,0x0000000082dce3b0,0x0000000084300000)
 Metaspace       used 61689K, committed 63232K, reserved 1114112K
  class space    used 6584K, committed 7232K, reserved 1048576K
}
Event: 131.740 GC heap before
{Heap before GC invocations=47 (full 3):
 PSYoungGen      total 15360K, used 15351K [0x00000000d5580000, 0x00000000d6b80000, 0x0000000100000000)
  eden space 13312K, 100% used [0x00000000d5580000,0x00000000d6280000,0x00000000d6280000)
  from space 2048K, 99% used [0x00000000d6280000,0x00000000d647de40,0x00000000d6480000)
  to   space 4608K, 0% used [0x00000000d6700000,0x00000000d6700000,0x00000000d6b80000)
 ParOldGen       total 68608K, used 46904K [0x0000000080000000, 0x0000000084300000, 0x00000000d5580000)
  object space 68608K, 68% used [0x0000000080000000,0x0000000082dce3b0,0x0000000084300000)
 Metaspace       used 62191K, committed 63680K, reserved 1114112K
  class space    used 6590K, committed 7232K, reserved 1048576K
}
Event: 131.744 GC heap after
{Heap after GC invocations=47 (full 3):
 PSYoungGen      total 15872K, used 2356K [0x00000000d5580000, 0x00000000d6980000, 0x0000000100000000)
  eden space 13312K, 0% used [0x00000000d5580000,0x00000000d5580000,0x00000000d6280000)
  from space 2560K, 92% used [0x00000000d6700000,0x00000000d694d3b8,0x00000000d6980000)
  to   space 3072K, 0% used [0x00000000d6380000,0x00000000d6380000,0x00000000d6680000)
 ParOldGen       total 68608K, used 48867K [0x0000000080000000, 0x0000000084300000, 0x00000000d5580000)
  object space 68608K, 71% used [0x0000000080000000,0x0000000082fb8f20,0x0000000084300000)
 Metaspace       used 62191K, committed 63680K, reserved 1114112K
  class space    used 6590K, committed 7232K, reserved 1048576K
}
Event: 132.762 GC heap before
{Heap before GC invocations=48 (full 3):
 PSYoungGen      total 15872K, used 15668K [0x00000000d5580000, 0x00000000d6980000, 0x0000000100000000)
  eden space 13312K, 100% used [0x00000000d5580000,0x00000000d6280000,0x00000000d6280000)
  from space 2560K, 92% used [0x00000000d6700000,0x00000000d694d3b8,0x00000000d6980000)
  to   space 3072K, 0% used [0x00000000d6380000,0x00000000d6380000,0x00000000d6680000)
 ParOldGen       total 68608K, used 48867K [0x0000000080000000, 0x0000000084300000, 0x00000000d5580000)
  object space 68608K, 71% used [0x0000000080000000,0x0000000082fb8f20,0x0000000084300000)
 Metaspace       used 62628K, committed 64064K, reserved 1114112K
  class space    used 6593K, committed 7232K, reserved 1048576K
}
Event: 132.768 GC heap after
{Heap after GC invocations=48 (full 3):
 PSYoungGen      total 16384K, used 3063K [0x00000000d5580000, 0x00000000d6d80000, 0x0000000100000000)
  eden space 13312K, 0% used [0x00000000d5580000,0x00000000d5580000,0x00000000d6280000)
  from space 3072K, 99% used [0x00000000d6380000,0x00000000d667dc00,0x00000000d6680000)
  to   space 5632K, 0% used [0x00000000d6800000,0x00000000d6800000,0x00000000d6d80000)
 ParOldGen       total 68608K, used 50930K [0x0000000080000000, 0x0000000084300000, 0x00000000d5580000)
  object space 68608K, 74% used [0x0000000080000000,0x00000000831bc948,0x0000000084300000)
 Metaspace       used 62628K, committed 64064K, reserved 1114112K
  class space    used 6593K, committed 7232K, reserved 1048576K
}
Event: 133.781 GC heap before
{Heap before GC invocations=49 (full 3):
 PSYoungGen      total 16384K, used 16375K [0x00000000d5580000, 0x00000000d6d80000, 0x0000000100000000)
  eden space 13312K, 100% used [0x00000000d5580000,0x00000000d6280000,0x00000000d6280000)
  from space 3072K, 99% used [0x00000000d6380000,0x00000000d667dc00,0x00000000d6680000)
  to   space 5632K, 0% used [0x00000000d6800000,0x00000000d6800000,0x00000000d6d80000)
 ParOldGen       total 68608K, used 50930K [0x0000000080000000, 0x0000000084300000, 0x00000000d5580000)
  object space 68608K, 74% used [0x0000000080000000,0x00000000831bc948,0x0000000084300000)
 Metaspace       used 62986K, committed 64512K, reserved 1114112K
  class space    used 6603K, committed 7232K, reserved 1048576K
}
Event: 133.787 GC heap after
{Heap after GC invocations=49 (full 3):
 PSYoungGen      total 15872K, used 2301K [0x00000000d5580000, 0x00000000d6a80000, 0x0000000100000000)
  eden space 13312K, 0% used [0x00000000d5580000,0x00000000d5580000,0x00000000d6280000)
  from space 2560K, 89% used [0x00000000d6800000,0x00000000d6a3f758,0x00000000d6a80000)
  to   space 3584K, 0% used [0x00000000d6380000,0x00000000d6380000,0x00000000d6700000)
 ParOldGen       total 68608K, used 53867K [0x0000000080000000, 0x0000000084300000, 0x00000000d5580000)
  object space 68608K, 78% used [0x0000000080000000,0x000000008349af58,0x0000000084300000)
 Metaspace       used 62986K, committed 64512K, reserved 1114112K
  class space    used 6603K, committed 7232K, reserved 1048576K
}
Event: 135.168 GC heap before
{Heap before GC invocations=50 (full 3):
 PSYoungGen      total 15872K, used 15613K [0x00000000d5580000, 0x00000000d6a80000, 0x0000000100000000)
  eden space 13312K, 99% used [0x00000000d5580000,0x00000000d627ffe8,0x00000000d6280000)
  from space 2560K, 89% used [0x00000000d6800000,0x00000000d6a3f758,0x00000000d6a80000)
  to   space 3584K, 0% used [0x00000000d6380000,0x00000000d6380000,0x00000000d6700000)
 ParOldGen       total 68608K, used 53867K [0x0000000080000000, 0x0000000084300000, 0x00000000d5580000)
  object space 68608K, 78% used [0x0000000080000000,0x000000008349af58,0x0000000084300000)
 Metaspace       used 63273K, committed 64768K, reserved 1114112K
  class space    used 6624K, committed 7296K, reserved 1048576K
}
Event: 135.174 GC heap after
{Heap after GC invocations=50 (full 3):
 PSYoungGen      total 15872K, used 2307K [0x00000000d5580000, 0x00000000d6880000, 0x0000000100000000)
  eden space 13312K, 0% used [0x00000000d5580000,0x00000000d5580000,0x00000000d6280000)
  from space 2560K, 90% used [0x00000000d6380000,0x00000000d65c0f08,0x00000000d6600000)
  to   space 2560K, 0% used [0x00000000d6600000,0x00000000d6600000,0x00000000d6880000)
 ParOldGen       total 68608K, used 56012K [0x0000000080000000, 0x0000000084300000, 0x00000000d5580000)
  object space 68608K, 81% used [0x0000000080000000,0x00000000836b3328,0x0000000084300000)
 Metaspace       used 63273K, committed 64768K, reserved 1114112K
  class space    used 6624K, committed 7296K, reserved 1048576K
}
Event: 137.038 GC heap before
{Heap before GC invocations=51 (full 3):
 PSYoungGen      total 15872K, used 15619K [0x00000000d5580000, 0x00000000d6880000, 0x0000000100000000)
  eden space 13312K, 100% used [0x00000000d5580000,0x00000000d6280000,0x00000000d6280000)
  from space 2560K, 90% used [0x00000000d6380000,0x00000000d65c0f08,0x00000000d6600000)
  to   space 2560K, 0% used [0x00000000d6600000,0x00000000d6600000,0x00000000d6880000)
 ParOldGen       total 68608K, used 56012K [0x0000000080000000, 0x0000000084300000, 0x00000000d5580000)
  object space 68608K, 81% used [0x0000000080000000,0x00000000836b3328,0x0000000084300000)
 Metaspace       used 63736K, committed 65280K, reserved 1114112K
  class space    used 6683K, committed 7360K, reserved 1048576K
}
Event: 137.045 GC heap after
{Heap after GC invocations=51 (full 3):
 PSYoungGen      total 14336K, used 864K [0x00000000d5580000, 0x00000000d6700000, 0x0000000100000000)
  eden space 13312K, 0% used [0x00000000d5580000,0x00000000d5580000,0x00000000d6280000)
  from space 1024K, 84% used [0x00000000d6600000,0x00000000d66d8000,0x00000000d6700000)
  to   space 1536K, 0% used [0x00000000d6400000,0x00000000d6400000,0x00000000d6580000)
 ParOldGen       total 68608K, used 57999K [0x0000000080000000, 0x0000000084300000, 0x00000000d5580000)
  object space 68608K, 84% used [0x0000000080000000,0x00000000838a3da8,0x0000000084300000)
 Metaspace       used 63736K, committed 65280K, reserved 1114112K
  class space    used 6683K, committed 7360K, reserved 1048576K
}
Event: 138.316 GC heap before
{Heap before GC invocations=52 (full 3):
 PSYoungGen      total 14336K, used 14174K [0x00000000d5580000, 0x00000000d6700000, 0x0000000100000000)
  eden space 13312K, 99% used [0x00000000d5580000,0x00000000d627f968,0x00000000d6280000)
  from space 1024K, 84% used [0x00000000d6600000,0x00000000d66d8000,0x00000000d6700000)
  to   space 1536K, 0% used [0x00000000d6400000,0x00000000d6400000,0x00000000d6580000)
 ParOldGen       total 68608K, used 57999K [0x0000000080000000, 0x0000000084300000, 0x00000000d5580000)
  object space 68608K, 84% used [0x0000000080000000,0x00000000838a3da8,0x0000000084300000)
 Metaspace       used 64909K, committed 66496K, reserved 1114112K
  class space    used 6826K, committed 7488K, reserved 1048576K
}
Event: 138.319 GC heap after
{Heap after GC invocations=52 (full 3):
 PSYoungGen      total 14848K, used 730K [0x00000000d5580000, 0x00000000d6680000, 0x0000000100000000)
  eden space 13312K, 0% used [0x00000000d5580000,0x00000000d5580000,0x00000000d6280000)
  from space 1536K, 47% used [0x00000000d6400000,0x00000000d64b68c8,0x00000000d6580000)
  to   space 1024K, 0% used [0x00000000d6580000,0x00000000d6580000,0x00000000d6680000)
 ParOldGen       total 68608K, used 58687K [0x0000000080000000, 0x0000000084300000, 0x00000000d5580000)
  object space 68608K, 85% used [0x0000000080000000,0x000000008394fda8,0x0000000084300000)
 Metaspace       used 64909K, committed 66496K, reserved 1114112K
  class space    used 6826K, committed 7488K, reserved 1048576K
}

