# JRE version: OpenJDK Runtime Environment Temurin-21.0.10+7 (21.0.10+7) (build 21.0.10+7-LTS)
# Java VM: OpenJDK 64-Bit Server VM Temurin-21.0.10+7 (21.0.10+7-LTS, mixed mode, sharing, tiered, compressed oops, compressed class ptrs, parallel gc, windows-amd64)
GC Precious Log:
 CardTable entry size: 512
 CPUs: 8 total, 8 available
 Memory: 16256M
 Large Page Support: Disabled
 NUMA Support: Disabled
 Compressed Oops: Enabled (32-bit)
 Alignments: Space 512K, Generation 512K, Heap 2M
 Heap Min Capacity: 100M
 Heap Initial Capacity: 100M
 Heap Max Capacity: 2G
 Pre-touch: Disabled
 Parallel Workers: 8
Heap:
 PSYoungGen      total 10752K, used 10362K [0x00000000d5580000, 0x00000000d6700000, 0x0000000100000000)
  eden space 9728K, 96% used [0x00000000d5580000,0x00000000d5ea24e8,0x00000000d5f00000)
  from space 1024K, 98% used [0x00000000d6280000,0x00000000d637c5a0,0x00000000d6380000)
  to   space 3584K, 0% used [0x00000000d6380000,0x00000000d6380000,0x00000000d6700000)
 ParOldGen       total 147456K, used 147365K [0x0000000080000000, 0x0000000089000000, 0x00000000d5580000)
  object space 147456K, 99% used [0x0000000080000000,0x0000000088fe9418,0x0000000089000000)
 Metaspace       used 68071K, committed 69504K, reserved 1114112K
  class space    used 7402K, committed 8000K, reserved 1048576K
GC Heap History (20 events):
Event: 157.624 GC heap before
{Heap before GC invocations=53 (full 3):
 PSYoungGen      total 14848K, used 14832K [0x00000000d5580000, 0x00000000d6980000, 0x0000000100000000)
  eden space 14336K, 100% used [0x00000000d5580000,0x00000000d6380000,0x00000000d6380000)
  from space 512K, 96% used [0x00000000d6880000,0x00000000d68fc010,0x00000000d6900000)
  to   space 512K, 0% used [0x00000000d6900000,0x00000000d6900000,0x00000000d6980000)
 ParOldGen       total 106496K, used 104753K [0x0000000080000000, 0x0000000086800000, 0x00000000d5580000)
  object space 106496K, 98% used [0x0000000080000000,0x000000008664c5d8,0x0000000086800000)
 Metaspace       used 63642K, committed 65152K, reserved 1114112K
  class space    used 6934K, committed 7552K, reserved 1048576K
}
Event: 157.639 GC heap after
{Heap after GC invocations=53 (full 3):
 PSYoungGen      total 10240K, used 512K [0x00000000d5580000, 0x00000000d7780000, 0x0000000100000000)
  eden space 9728K, 0% used [0x00000000d5580000,0x00000000d5580000,0x00000000d5f00000)
  from space 512K, 100% used [0x00000000d6900000,0x00000000d6980000,0x00000000d6980000)
  to   space 10240K, 0% used [0x00000000d5f00000,0x00000000d5f00000,0x00000000d6900000)
 ParOldGen       total 113664K, used 113262K [0x0000000080000000, 0x0000000086f00000, 0x00000000d5580000)
  object space 113664K, 99% used [0x0000000080000000,0x0000000086e9b8d0,0x0000000086f00000)
 Metaspace       used 63642K, committed 65152K, reserved 1114112K
  class space    used 6934K, committed 7552K, reserved 1048576K
}
Event: 157.708 GC heap before
{Heap before GC invocations=54 (full 3):
 PSYoungGen      total 10240K, used 10240K [0x00000000d5580000, 0x00000000d7780000, 0x0000000100000000)
  eden space 9728K, 100% used [0x00000000d5580000,0x00000000d5f00000,0x00000000d5f00000)
  from space 512K, 100% used [0x00000000d6900000,0x00000000d6980000,0x00000000d6980000)
  to   space 10240K, 0% used [0x00000000d5f00000,0x00000000d5f00000,0x00000000d6900000)
 ParOldGen       total 113664K, used 113262K [0x0000000080000000, 0x0000000086f00000, 0x00000000d5580000)
  object space 113664K, 99% used [0x0000000080000000,0x0000000086e9b8d0,0x0000000086f00000)
 Metaspace       used 63720K, committed 65152K, reserved 1114112K
  class space    used 6943K, committed 7552K, reserved 1048576K
}
Event: 157.716 GC heap after
{Heap after GC invocations=54 (full 3):
 PSYoungGen      total 16896K, used 6914K [0x00000000d5580000, 0x00000000d6e00000, 0x0000000100000000)
  eden space 9728K, 0% used [0x00000000d5580000,0x00000000d5580000,0x00000000d5f00000)
  from space 7168K, 96% used [0x00000000d5f00000,0x00000000d65c0b08,0x00000000d6600000)
  to   space 7680K, 0% used [0x00000000d6680000,0x00000000d6680000,0x00000000d6e00000)
 ParOldGen       total 114176K, used 113814K [0x0000000080000000, 0x0000000086f80000, 0x00000000d5580000)
  object space 114176K, 99% used [0x0000000080000000,0x0000000086f258d0,0x0000000086f80000)
 Metaspace       used 63720K, committed 65152K, reserved 1114112K
  class space    used 6943K, committed 7552K, reserved 1048576K
}
Event: 157.793 GC heap before
{Heap before GC invocations=55 (full 3):
 PSYoungGen      total 16896K, used 16642K [0x00000000d5580000, 0x00000000d6e00000, 0x0000000100000000)
  eden space 9728K, 100% used [0x00000000d5580000,0x00000000d5f00000,0x00000000d5f00000)
  from space 7168K, 96% used [0x00000000d5f00000,0x00000000d65c0b08,0x00000000d6600000)
  to   space 7680K, 0% used [0x00000000d6680000,0x00000000d6680000,0x00000000d6e00000)
 ParOldGen       total 114176K, used 113814K [0x0000000080000000, 0x0000000086f80000, 0x00000000d5580000)
  object space 114176K, 99% used [0x0000000080000000,0x0000000086f258d0,0x0000000086f80000)
 Metaspace       used 63929K, committed 65472K, reserved 1114112K
  class space    used 6956K, committed 7616K, reserved 1048576K
}
Event: 157.809 GC heap after
{Heap after GC invocations=55 (full 3):
 PSYoungGen      total 16896K, used 6768K [0x00000000d5580000, 0x00000000d6d80000, 0x0000000100000000)
  eden space 9728K, 0% used [0x00000000d5580000,0x00000000d5580000,0x00000000d5f00000)
  from space 7168K, 94% used [0x00000000d6680000,0x00000000d6d1c010,0x00000000d6d80000)
  to   space 7168K, 0% used [0x00000000d5f00000,0x00000000d5f00000,0x00000000d6600000)
 ParOldGen       total 120832K, used 120660K [0x0000000080000000, 0x0000000087600000, 0x00000000d5580000)
  object space 120832K, 99% used [0x0000000080000000,0x00000000875d5010,0x0000000087600000)
 Metaspace       used 63929K, committed 65472K, reserved 1114112K
  class space    used 6956K, committed 7616K, reserved 1048576K
}
Event: 157.867 GC heap before
{Heap before GC invocations=56 (full 3):
 PSYoungGen      total 16896K, used 16496K [0x00000000d5580000, 0x00000000d6d80000, 0x0000000100000000)
  eden space 9728K, 100% used [0x00000000d5580000,0x00000000d5f00000,0x00000000d5f00000)
  from space 7168K, 94% used [0x00000000d6680000,0x00000000d6d1c010,0x00000000d6d80000)
  to   space 7168K, 0% used [0x00000000d5f00000,0x00000000d5f00000,0x00000000d6600000)
 ParOldGen       total 120832K, used 120660K [0x0000000080000000, 0x0000000087600000, 0x00000000d5580000)
  object space 120832K, 99% used [0x0000000080000000,0x00000000875d5010,0x0000000087600000)
 Metaspace       used 64090K, committed 65600K, reserved 1114112K
  class space    used 6975K, committed 7616K, reserved 1048576K
}
Event: 157.880 GC heap after
{Heap after GC invocations=56 (full 3):
 PSYoungGen      total 15872K, used 5792K [0x00000000d5580000, 0x00000000d6c00000, 0x0000000100000000)
  eden space 9728K, 0% used [0x00000000d5580000,0x00000000d5580000,0x00000000d5f00000)
  from space 6144K, 94% used [0x00000000d5f00000,0x00000000d64a8000,0x00000000d6500000)
  to   space 6656K, 0% used [0x00000000d6580000,0x00000000d6580000,0x00000000d6c00000)
 ParOldGen       total 127488K, used 127300K [0x0000000080000000, 0x0000000087c80000, 0x00000000d5580000)
  object space 127488K, 99% used [0x0000000080000000,0x0000000087c51010,0x0000000087c80000)
 Metaspace       used 64090K, committed 65600K, reserved 1114112K
  class space    used 6975K, committed 7616K, reserved 1048576K
}
Event: 157.977 GC heap before
{Heap before GC invocations=57 (full 3):
 PSYoungGen      total 15872K, used 15520K [0x00000000d5580000, 0x00000000d6c00000, 0x0000000100000000)
  eden space 9728K, 100% used [0x00000000d5580000,0x00000000d5f00000,0x00000000d5f00000)
  from space 6144K, 94% used [0x00000000d5f00000,0x00000000d64a8000,0x00000000d6500000)
  to   space 6656K, 0% used [0x00000000d6580000,0x00000000d6580000,0x00000000d6c00000)
 ParOldGen       total 127488K, used 127304K [0x0000000080000000, 0x0000000087c80000, 0x00000000d5580000)
  object space 127488K, 99% used [0x0000000080000000,0x0000000087c520f8,0x0000000087c80000)
 Metaspace       used 64319K, committed 65792K, reserved 1114112K
  class space    used 6997K, committed 7616K, reserved 1048576K
}
Event: 157.987 GC heap after
{Heap after GC invocations=57 (full 3):
 PSYoungGen      total 15360K, used 5531K [0x00000000d5580000, 0x00000000d6b00000, 0x0000000100000000)
  eden space 9728K, 0% used [0x00000000d5580000,0x00000000d5580000,0x00000000d5f00000)
  from space 5632K, 98% used [0x00000000d6580000,0x00000000d6ae6d00,0x00000000d6b00000)
  to   space 6144K, 0% used [0x00000000d5f00000,0x00000000d5f00000,0x00000000d6500000)
 ParOldGen       total 133120K, used 133048K [0x0000000080000000, 0x0000000088200000, 0x00000000d5580000)
  object space 133120K, 99% used [0x0000000080000000,0x00000000881ee0f8,0x0000000088200000)
 Metaspace       used 64319K, committed 65792K, reserved 1114112K
  class space    used 6997K, committed 7616K, reserved 1048576K
}
Event: 158.151 GC heap before
{Heap before GC invocations=58 (full 3):
 PSYoungGen      total 15360K, used 15259K [0x00000000d5580000, 0x00000000d6b00000, 0x0000000100000000)
  eden space 9728K, 100% used [0x00000000d5580000,0x00000000d5f00000,0x00000000d5f00000)
  from space 5632K, 98% used [0x00000000d6580000,0x00000000d6ae6d00,0x00000000d6b00000)
  to   space 6144K, 0% used [0x00000000d5f00000,0x00000000d5f00000,0x00000000d6500000)
 ParOldGen       total 133120K, used 133050K [0x0000000080000000, 0x0000000088200000, 0x00000000d5580000)
  object space 133120K, 99% used [0x0000000080000000,0x00000000881ee8f8,0x0000000088200000)
 Metaspace       used 64718K, committed 66176K, reserved 1114112K
  class space    used 7046K, committed 7680K, reserved 1048576K
}
Event: 158.161 GC heap after
{Heap after GC invocations=58 (full 3):
 PSYoungGen      total 15360K, used 5472K [0x00000000d5580000, 0x00000000d6a00000, 0x0000000100000000)
  eden space 9728K, 0% used [0x00000000d5580000,0x00000000d5580000,0x00000000d5f00000)
  from space 5632K, 97% used [0x00000000d5f00000,0x00000000d6458000,0x00000000d6480000)
  to   space 5632K, 0% used [0x00000000d6480000,0x00000000d6480000,0x00000000d6a00000)
 ParOldGen       total 138752K, used 138466K [0x0000000080000000, 0x0000000088780000, 0x00000000d5580000)
  object space 138752K, 99% used [0x0000000080000000,0x0000000088738900,0x0000000088780000)
 Metaspace       used 64718K, committed 66176K, reserved 1114112K
  class space    used 7046K, committed 7680K, reserved 1048576K
}
Event: 158.831 GC heap before
{Heap before GC invocations=59 (full 3):
 PSYoungGen      total 15360K, used 15200K [0x00000000d5580000, 0x00000000d6a00000, 0x0000000100000000)
  eden space 9728K, 100% used [0x00000000d5580000,0x00000000d5f00000,0x00000000d5f00000)
  from space 5632K, 97% used [0x00000000d5f00000,0x00000000d6458000,0x00000000d6480000)
  to   space 5632K, 0% used [0x00000000d6480000,0x00000000d6480000,0x00000000d6a00000)
 ParOldGen       total 138752K, used 138466K [0x0000000080000000, 0x0000000088780000, 0x00000000d5580000)
  object space 138752K, 99% used [0x0000000080000000,0x0000000088738900,0x0000000088780000)
 Metaspace       used 65674K, committed 67136K, reserved 1114112K
  class space    used 7137K, committed 7744K, reserved 1048576K
}
Event: 158.842 GC heap after
{Heap after GC invocations=59 (full 3):
 PSYoungGen      total 11264K, used 1322K [0x00000000d5580000, 0x00000000d6600000, 0x0000000100000000)
  eden space 9728K, 0% used [0x00000000d5580000,0x00000000d5580000,0x00000000d5f00000)
  from space 1536K, 86% used [0x00000000d6480000,0x00000000d65ca978,0x00000000d6600000)
  to   space 3072K, 0% used [0x00000000d6000000,0x00000000d6000000,0x00000000d6300000)
 ParOldGen       total 143872K, used 143805K [0x0000000080000000, 0x0000000088c80000, 0x00000000d5580000)
  object space 143872K, 99% used [0x0000000080000000,0x0000000088c6f680,0x0000000088c80000)
 Metaspace       used 65674K, committed 67136K, reserved 1114112K
  class space    used 7137K, committed 7744K, reserved 1048576K
}
Event: 159.494 GC heap before
{Heap before GC invocations=60 (full 3):
 PSYoungGen      total 11264K, used 11050K [0x00000000d5580000, 0x00000000d6600000, 0x0000000100000000)
  eden space 9728K, 100% used [0x00000000d5580000,0x00000000d5f00000,0x00000000d5f00000)
  from space 1536K, 86% used [0x00000000d6480000,0x00000000d65ca978,0x00000000d6600000)
  to   space 3072K, 0% used [0x00000000d6000000,0x00000000d6000000,0x00000000d6300000)
 ParOldGen       total 143872K, used 143805K [0x0000000080000000, 0x0000000088c80000, 0x00000000d5580000)
  object space 143872K, 99% used [0x0000000080000000,0x0000000088c6f680,0x0000000088c80000)
 Metaspace       used 66235K, committed 67712K, reserved 1114112K
  class space    used 7198K, committed 7808K, reserved 1048576K
}
Event: 159.497 GC heap after
{Heap after GC invocations=60 (full 3):
 PSYoungGen      total 12800K, used 512K [0x00000000d5580000, 0x00000000d6500000, 0x0000000100000000)
  eden space 9728K, 0% used [0x00000000d5580000,0x00000000d5580000,0x00000000d5f00000)
  from space 3072K, 16% used [0x00000000d6000000,0x00000000d6080040,0x00000000d6300000)
  to   space 1536K, 0% used [0x00000000d6380000,0x00000000d6380000,0x00000000d6500000)
 ParOldGen       total 144896K, used 144819K [0x0000000080000000, 0x0000000088d80000, 0x00000000d5580000)
  object space 144896K, 99% used [0x0000000080000000,0x0000000088d6cfc0,0x0000000088d80000)
 Metaspace       used 66235K, committed 67712K, reserved 1114112K
  class space    used 7198K, committed 7808K, reserved 1048576K
}
Event: 185.871 GC heap before
{Heap before GC invocations=61 (full 3):
 PSYoungGen      total 12800K, used 10180K [0x00000000d5580000, 0x00000000d6500000, 0x0000000100000000)
  eden space 9728K, 99% used [0x00000000d5580000,0x00000000d5ef1050,0x00000000d5f00000)
  from space 3072K, 16% used [0x00000000d6000000,0x00000000d6080040,0x00000000d6300000)
  to   space 1536K, 0% used [0x00000000d6380000,0x00000000d6380000,0x00000000d6500000)
 ParOldGen       total 144896K, used 144819K [0x0000000080000000, 0x0000000088d80000, 0x00000000d5580000)
  object space 144896K, 99% used [0x0000000080000000,0x0000000088d6cfc0,0x0000000088d80000)
 Metaspace       used 67069K, committed 68544K, reserved 1114112K
  class space    used 7282K, committed 7872K, reserved 1048576K
}
Event: 185.873 GC heap after
{Heap after GC invocations=61 (full 3):
 PSYoungGen      total 10752K, used 719K [0x00000000d5580000, 0x00000000d6480000, 0x0000000100000000)
  eden space 9728K, 0% used [0x00000000d5580000,0x00000000d5580000,0x00000000d5f00000)
  from space 1024K, 70% used [0x00000000d6380000,0x00000000d6433c68,0x00000000d6480000)
  to   space 1024K, 0% used [0x00000000d6280000,0x00000000d6280000,0x00000000d6380000)
 ParOldGen       total 145408K, used 145115K [0x0000000080000000, 0x0000000088e00000, 0x00000000d5580000)
  object space 145408K, 99% used [0x0000000080000000,0x0000000088db6fc0,0x0000000088e00000)
 Metaspace       used 67069K, committed 68544K, reserved 1114112K
  class space    used 7282K, committed 7872K, reserved 1048576K
}
Event: 1147.696 GC heap before
{Heap before GC invocations=62 (full 3):
 PSYoungGen      total 10752K, used 10441K [0x00000000d5580000, 0x00000000d6480000, 0x0000000100000000)
  eden space 9728K, 99% used [0x00000000d5580000,0x00000000d5efe7d0,0x00000000d5f00000)
  from space 1024K, 70% used [0x00000000d6380000,0x00000000d6433c68,0x00000000d6480000)
  to   space 1024K, 0% used [0x00000000d6280000,0x00000000d6280000,0x00000000d6380000)
 ParOldGen       total 145408K, used 145115K [0x0000000080000000, 0x0000000088e00000, 0x00000000d5580000)
  object space 145408K, 99% used [0x0000000080000000,0x0000000088db6fc0,0x0000000088e00000)
 Metaspace       used 67603K, committed 69120K, reserved 1114112K
  class space    used 7352K, committed 7936K, reserved 1048576K
}
Event: 1147.723 GC heap after
{Heap after GC invocations=62 (full 3):
 PSYoungGen      total 10752K, used 1009K [0x00000000d5580000, 0x00000000d6700000, 0x0000000100000000)
  eden space 9728K, 0% used [0x00000000d5580000,0x00000000d5580000,0x00000000d5f00000)
  from space 1024K, 98% used [0x00000000d6280000,0x00000000d637c5a0,0x00000000d6380000)
  to   space 3584K, 0% used [0x00000000d6380000,0x00000000d6380000,0x00000000d6700000)
 ParOldGen       total 147456K, used 147365K [0x0000000080000000, 0x0000000089000000, 0x00000000d5580000)
  object space 147456K, 99% used [0x0000000080000000,0x0000000088fe9418,0x0000000089000000)
 Metaspace       used 67603K, committed 69120K, reserved 1114112K
  class space    used 7352K, committed 7936K, reserved 1048576K
}

