# JRE version: OpenJDK Runtime Environment Temurin-21.0.10+7 (21.0.10+7) (build 21.0.10+7-LTS)
# Java VM: OpenJDK 64-Bit Server VM Temurin-21.0.10+7 (21.0.10+7-LTS, mixed mode, sharing, tiered, compressed oops, compressed class ptrs, parallel gc, windows-amd64)
GC Precious Log:
 CardTable entry size: 512
 CPUs: 8 total, 8 available
 Memory: 16256M
 Large Page Support: Disabled
 NUMA Support: Disabled
 Compressed Oops: Enabled (32-bit)
 Alignments: Space 512K, Generation 512K, Heap 2M
 Heap Min Capacity: 100M
 Heap Initial Capacity: 100M
 Heap Max Capacity: 2G
 Pre-touch: Disabled
 Parallel Workers: 8
Heap:
 PSYoungGen      total 2048K, used 255K [0x00000000d5580000, 0x00000000d5900000, 0x0000000100000000)
  eden space 1536K, 4% used [0x00000000d5580000,0x00000000d558fea0,0x00000000d5700000)
  from space 512K, 37% used [0x00000000d5880000,0x00000000d58b0000,0x00000000d5900000)
  to   space 512K, 0% used [0x00000000d5800000,0x00000000d5800000,0x00000000d5880000)
 ParOldGen       total 250880K, used 250415K [0x0000000080000000, 0x000000008f500000, 0x00000000d5580000)
  object space 250880K, 99% used [0x0000000080000000,0x000000008f48bf08,0x000000008f500000)
 Metaspace       used 70953K, committed 72512K, reserved 1114112K
  class space    used 7121K, committed 7808K, reserved 1048576K
GC Heap History (20 events):
Event: 467.911 GC heap before
{Heap before GC invocations=427 (full 4):
 PSYoungGen      total 2560K, used 2139K [0x00000000d5580000, 0x00000000d5980000, 0x0000000100000000)
  eden space 1536K, 99% used [0x00000000d5580000,0x00000000d56fed50,0x00000000d5700000)
  from space 1024K, 59% used [0x00000000d5880000,0x00000000d5917fd8,0x00000000d5980000)
  to   space 1024K, 0% used [0x00000000d5700000,0x00000000d5700000,0x00000000d5800000)
 ParOldGen       total 248320K, used 248057K [0x0000000080000000, 0x000000008f280000, 0x00000000d5580000)
  object space 248320K, 99% used [0x0000000080000000,0x000000008f23e568,0x000000008f280000)
 Metaspace       used 70935K, committed 72512K, reserved 1114112K
  class space    used 7121K, committed 7808K, reserved 1048576K
}
Event: 467.912 GC heap after
{Heap after GC invocations=427 (full 4):
 PSYoungGen      total 2560K, used 320K [0x00000000d5580000, 0x00000000d5900000, 0x0000000100000000)
  eden space 1536K, 0% used [0x00000000d5580000,0x00000000d5580000,0x00000000d5700000)
  from space 1024K, 31% used [0x00000000d5700000,0x00000000d5750000,0x00000000d5800000)
  to   space 512K, 0% used [0x00000000d5880000,0x00000000d5880000,0x00000000d5900000)
 ParOldGen       total 248832K, used 248586K [0x0000000080000000, 0x000000008f300000, 0x00000000d5580000)
  object space 248832K, 99% used [0x0000000080000000,0x000000008f2c2a78,0x000000008f300000)
 Metaspace       used 70935K, committed 72512K, reserved 1114112K
  class space    used 7121K, committed 7808K, reserved 1048576K
}
Event: 467.966 GC heap before
{Heap before GC invocations=428 (full 4):
 PSYoungGen      total 2560K, used 1846K [0x00000000d5580000, 0x00000000d5900000, 0x0000000100000000)
  eden space 1536K, 99% used [0x00000000d5580000,0x00000000d56fd8d8,0x00000000d5700000)
  from space 1024K, 31% used [0x00000000d5700000,0x00000000d5750000,0x00000000d5800000)
  to   space 512K, 0% used [0x00000000d5880000,0x00000000d5880000,0x00000000d5900000)
 ParOldGen       total 248832K, used 248586K [0x0000000080000000, 0x000000008f300000, 0x00000000d5580000)
  object space 248832K, 99% used [0x0000000080000000,0x000000008f2c2a78,0x000000008f300000)
 Metaspace       used 70936K, committed 72512K, reserved 1114112K
  class space    used 7121K, committed 7808K, reserved 1048576K
}
Event: 467.968 GC heap after
{Heap after GC invocations=428 (full 4):
 PSYoungGen      total 2048K, used 480K [0x00000000d5580000, 0x00000000d5900000, 0x0000000100000000)
  eden space 1536K, 0% used [0x00000000d5580000,0x00000000d5580000,0x00000000d5700000)
  from space 512K, 93% used [0x00000000d5880000,0x00000000d58f8000,0x00000000d5900000)
  to   space 512K, 0% used [0x00000000d5800000,0x00000000d5800000,0x00000000d5880000)
 ParOldGen       total 248832K, used 248730K [0x0000000080000000, 0x000000008f300000, 0x00000000d5580000)
  object space 248832K, 99% used [0x0000000080000000,0x000000008f2e6a78,0x000000008f300000)
 Metaspace       used 70936K, committed 72512K, reserved 1114112K
  class space    used 7121K, committed 7808K, reserved 1048576K
}
Event: 468.103 GC heap before
{Heap before GC invocations=429 (full 4):
 PSYoungGen      total 2048K, used 2016K [0x00000000d5580000, 0x00000000d5900000, 0x0000000100000000)
  eden space 1536K, 100% used [0x00000000d5580000,0x00000000d5700000,0x00000000d5700000)
  from space 512K, 93% used [0x00000000d5880000,0x00000000d58f8000,0x00000000d5900000)
  to   space 512K, 0% used [0x00000000d5800000,0x00000000d5800000,0x00000000d5880000)
 ParOldGen       total 248832K, used 248730K [0x0000000080000000, 0x000000008f300000, 0x00000000d5580000)
  object space 248832K, 99% used [0x0000000080000000,0x000000008f2e6a78,0x000000008f300000)
 Metaspace       used 70936K, committed 72512K, reserved 1114112K
  class space    used 7121K, committed 7808K, reserved 1048576K
}
Event: 468.106 GC heap after
{Heap after GC invocations=429 (full 4):
 PSYoungGen      total 2048K, used 480K [0x00000000d5580000, 0x00000000d5900000, 0x0000000100000000)
  eden space 1536K, 0% used [0x00000000d5580000,0x00000000d5580000,0x00000000d5700000)
  from space 512K, 93% used [0x00000000d5800000,0x00000000d5878000,0x00000000d5880000)
  to   space 512K, 0% used [0x00000000d5880000,0x00000000d5880000,0x00000000d5900000)
 ParOldGen       total 249344K, used 249057K [0x0000000080000000, 0x000000008f380000, 0x00000000d5580000)
  object space 249344K, 99% used [0x0000000080000000,0x000000008f3384e8,0x000000008f380000)
 Metaspace       used 70936K, committed 72512K, reserved 1114112K
  class space    used 7121K, committed 7808K, reserved 1048576K
}
Event: 468.143 GC heap before
{Heap before GC invocations=430 (full 4):
 PSYoungGen      total 2048K, used 2003K [0x00000000d5580000, 0x00000000d5900000, 0x0000000100000000)
  eden space 1536K, 99% used [0x00000000d5580000,0x00000000d56fcdd8,0x00000000d5700000)
  from space 512K, 93% used [0x00000000d5800000,0x00000000d5878000,0x00000000d5880000)
  to   space 512K, 0% used [0x00000000d5880000,0x00000000d5880000,0x00000000d5900000)
 ParOldGen       total 249344K, used 249057K [0x0000000080000000, 0x000000008f380000, 0x00000000d5580000)
  object space 249344K, 99% used [0x0000000080000000,0x000000008f3384e8,0x000000008f380000)
 Metaspace       used 70936K, committed 72512K, reserved 1114112K
  class space    used 7121K, committed 7808K, reserved 1048576K
}
Event: 468.146 GC heap after
{Heap after GC invocations=430 (full 4):
 PSYoungGen      total 2048K, used 320K [0x00000000d5580000, 0x00000000d5900000, 0x0000000100000000)
  eden space 1536K, 0% used [0x00000000d5580000,0x00000000d5580000,0x00000000d5700000)
  from space 512K, 62% used [0x00000000d5880000,0x00000000d58d0000,0x00000000d5900000)
  to   space 512K, 0% used [0x00000000d5800000,0x00000000d5800000,0x00000000d5880000)
 ParOldGen       total 249856K, used 249425K [0x0000000080000000, 0x000000008f400000, 0x00000000d5580000)
  object space 249856K, 99% used [0x0000000080000000,0x000000008f3944e8,0x000000008f400000)
 Metaspace       used 70936K, committed 72512K, reserved 1114112K
  class space    used 7121K, committed 7808K, reserved 1048576K
}
Event: 468.186 GC heap before
{Heap before GC invocations=431 (full 4):
 PSYoungGen      total 2048K, used 1856K [0x00000000d5580000, 0x00000000d5900000, 0x0000000100000000)
  eden space 1536K, 100% used [0x00000000d5580000,0x00000000d5700000,0x00000000d5700000)
  from space 512K, 62% used [0x00000000d5880000,0x00000000d58d0000,0x00000000d5900000)
  to   space 512K, 0% used [0x00000000d5800000,0x00000000d5800000,0x00000000d5880000)
 ParOldGen       total 249856K, used 249425K [0x0000000080000000, 0x000000008f400000, 0x00000000d5580000)
  object space 249856K, 99% used [0x0000000080000000,0x000000008f3944e8,0x000000008f400000)
 Metaspace       used 70936K, committed 72512K, reserved 1114112K
  class space    used 7121K, committed 7808K, reserved 1048576K
}
Event: 468.188 GC heap after
{Heap after GC invocations=431 (full 4):
 PSYoungGen      total 2048K, used 352K [0x00000000d5580000, 0x00000000d5900000, 0x0000000100000000)
  eden space 1536K, 0% used [0x00000000d5580000,0x00000000d5580000,0x00000000d5700000)
  from space 512K, 68% used [0x00000000d5800000,0x00000000d5858000,0x00000000d5880000)
  to   space 512K, 0% used [0x00000000d5880000,0x00000000d5880000,0x00000000d5900000)
 ParOldGen       total 249856K, used 249593K [0x0000000080000000, 0x000000008f400000, 0x00000000d5580000)
  object space 249856K, 99% used [0x0000000080000000,0x000000008f3be4e8,0x000000008f400000)
 Metaspace       used 70936K, committed 72512K, reserved 1114112K
  class space    used 7121K, committed 7808K, reserved 1048576K
}
Event: 468.293 GC heap before
{Heap before GC invocations=432 (full 4):
 PSYoungGen      total 2048K, used 1888K [0x00000000d5580000, 0x00000000d5900000, 0x0000000100000000)
  eden space 1536K, 100% used [0x00000000d5580000,0x00000000d5700000,0x00000000d5700000)
  from space 512K, 68% used [0x00000000d5800000,0x00000000d5858000,0x00000000d5880000)
  to   space 512K, 0% used [0x00000000d5880000,0x00000000d5880000,0x00000000d5900000)
 ParOldGen       total 249856K, used 249593K [0x0000000080000000, 0x000000008f400000, 0x00000000d5580000)
  object space 249856K, 99% used [0x0000000080000000,0x000000008f3be4e8,0x000000008f400000)
 Metaspace       used 70936K, committed 72512K, reserved 1114112K
  class space    used 7121K, committed 7808K, reserved 1048576K
}
Event: 468.294 GC heap after
{Heap after GC invocations=432 (full 4):
 PSYoungGen      total 2048K, used 464K [0x00000000d5580000, 0x00000000d5900000, 0x0000000100000000)
  eden space 1536K, 0% used [0x00000000d5580000,0x00000000d5580000,0x00000000d5700000)
  from space 512K, 90% used [0x00000000d5880000,0x00000000d58f4040,0x00000000d5900000)
  to   space 512K, 0% used [0x00000000d5800000,0x00000000d5800000,0x00000000d5880000)
 ParOldGen       total 249856K, used 249825K [0x0000000080000000, 0x000000008f400000, 0x00000000d5580000)
  object space 249856K, 99% used [0x0000000080000000,0x000000008f3f84f8,0x000000008f400000)
 Metaspace       used 70936K, committed 72512K, reserved 1114112K
  class space    used 7121K, committed 7808K, reserved 1048576K
}
Event: 474.528 GC heap before
{Heap before GC invocations=433 (full 4):
 PSYoungGen      total 2048K, used 1808K [0x00000000d5580000, 0x00000000d5900000, 0x0000000100000000)
  eden space 1536K, 87% used [0x00000000d5580000,0x00000000d56d0140,0x00000000d5700000)
  from space 512K, 90% used [0x00000000d5880000,0x00000000d58f4040,0x00000000d5900000)
  to   space 512K, 0% used [0x00000000d5800000,0x00000000d5800000,0x00000000d5880000)
 ParOldGen       total 249856K, used 249825K [0x0000000080000000, 0x000000008f400000, 0x00000000d5580000)
  object space 249856K, 99% used [0x0000000080000000,0x000000008f3f84f8,0x000000008f400000)
 Metaspace       used 70942K, committed 72512K, reserved 1114112K
  class space    used 7121K, committed 7808K, reserved 1048576K
}
Event: 474.537 GC heap after
{Heap after GC invocations=433 (full 4):
 PSYoungGen      total 2048K, used 320K [0x00000000d5580000, 0x00000000d5900000, 0x0000000100000000)
  eden space 1536K, 0% used [0x00000000d5580000,0x00000000d5580000,0x00000000d5700000)
  from space 512K, 62% used [0x00000000d5800000,0x00000000d5850000,0x00000000d5880000)
  to   space 512K, 0% used [0x00000000d5880000,0x00000000d5880000,0x00000000d5900000)
 ParOldGen       total 250368K, used 250169K [0x0000000080000000, 0x000000008f480000, 0x00000000d5580000)
  object space 250368K, 99% used [0x0000000080000000,0x000000008f44e4f8,0x000000008f480000)
 Metaspace       used 70942K, committed 72512K, reserved 1114112K
  class space    used 7121K, committed 7808K, reserved 1048576K
}
Event: 474.574 GC heap before
{Heap before GC invocations=434 (full 4):
 PSYoungGen      total 2048K, used 1856K [0x00000000d5580000, 0x00000000d5900000, 0x0000000100000000)
  eden space 1536K, 100% used [0x00000000d5580000,0x00000000d5700000,0x00000000d5700000)
  from space 512K, 62% used [0x00000000d5800000,0x00000000d5850000,0x00000000d5880000)
  to   space 512K, 0% used [0x00000000d5880000,0x00000000d5880000,0x00000000d5900000)
 ParOldGen       total 250368K, used 250169K [0x0000000080000000, 0x000000008f480000, 0x00000000d5580000)
  object space 250368K, 99% used [0x0000000080000000,0x000000008f44e4f8,0x000000008f480000)
 Metaspace       used 70942K, committed 72512K, reserved 1114112K
  class space    used 7121K, committed 7808K, reserved 1048576K
}
Event: 474.582 GC heap after
{Heap after GC invocations=434 (full 4):
 PSYoungGen      total 2048K, used 224K [0x00000000d5580000, 0x00000000d5900000, 0x0000000100000000)
  eden space 1536K, 0% used [0x00000000d5580000,0x00000000d5580000,0x00000000d5700000)
  from space 512K, 43% used [0x00000000d5880000,0x00000000d58b8000,0x00000000d5900000)
  to   space 512K, 0% used [0x00000000d5800000,0x00000000d5800000,0x00000000d5880000)
 ParOldGen       total 250368K, used 250311K [0x0000000080000000, 0x000000008f480000, 0x00000000d5580000)
  object space 250368K, 99% used [0x0000000080000000,0x000000008f471f08,0x000000008f480000)
 Metaspace       used 70942K, committed 72512K, reserved 1114112K
  class space    used 7121K, committed 7808K, reserved 1048576K
}
Event: 475.309 GC heap before
{Heap before GC invocations=435 (full 4):
 PSYoungGen      total 2048K, used 1760K [0x00000000d5580000, 0x00000000d5900000, 0x0000000100000000)
  eden space 1536K, 100% used [0x00000000d5580000,0x00000000d5700000,0x00000000d5700000)
  from space 512K, 43% used [0x00000000d5880000,0x00000000d58b8000,0x00000000d5900000)
  to   space 512K, 0% used [0x00000000d5800000,0x00000000d5800000,0x00000000d5880000)
 ParOldGen       total 250368K, used 250311K [0x0000000080000000, 0x000000008f480000, 0x00000000d5580000)
  object space 250368K, 99% used [0x0000000080000000,0x000000008f471f08,0x000000008f480000)
 Metaspace       used 70952K, committed 72512K, reserved 1114112K
  class space    used 7121K, committed 7808K, reserved 1048576K
}
Event: 475.311 GC heap after
{Heap after GC invocations=435 (full 4):
 PSYoungGen      total 2048K, used 192K [0x00000000d5580000, 0x00000000d5900000, 0x0000000100000000)
  eden space 1536K, 0% used [0x00000000d5580000,0x00000000d5580000,0x00000000d5700000)
  from space 512K, 37% used [0x00000000d5800000,0x00000000d5830000,0x00000000d5880000)
  to   space 512K, 0% used [0x00000000d5880000,0x00000000d5880000,0x00000000d5900000)
 ParOldGen       total 250368K, used 250367K [0x0000000080000000, 0x000000008f480000, 0x00000000d5580000)
  object space 250368K, 99% used [0x0000000080000000,0x000000008f47ff08,0x000000008f480000)
 Metaspace       used 70952K, committed 72512K, reserved 1114112K
  class space    used 7121K, committed 7808K, reserved 1048576K
}
Event: 475.690 GC heap before
{Heap before GC invocations=436 (full 4):
 PSYoungGen      total 2048K, used 1728K [0x00000000d5580000, 0x00000000d5900000, 0x0000000100000000)
  eden space 1536K, 100% used [0x00000000d5580000,0x00000000d5700000,0x00000000d5700000)
  from space 512K, 37% used [0x00000000d5800000,0x00000000d5830000,0x00000000d5880000)
  to   space 512K, 0% used [0x00000000d5880000,0x00000000d5880000,0x00000000d5900000)
 ParOldGen       total 250368K, used 250367K [0x0000000080000000, 0x000000008f480000, 0x00000000d5580000)
  object space 250368K, 99% used [0x0000000080000000,0x000000008f47ff08,0x000000008f480000)
 Metaspace       used 70953K, committed 72512K, reserved 1114112K
  class space    used 7121K, committed 7808K, reserved 1048576K
}
Event: 475.692 GC heap after
{Heap after GC invocations=436 (full 4):
 PSYoungGen      total 2048K, used 192K [0x00000000d5580000, 0x00000000d5900000, 0x0000000100000000)
  eden space 1536K, 0% used [0x00000000d5580000,0x00000000d5580000,0x00000000d5700000)
  from space 512K, 37% used [0x00000000d5880000,0x00000000d58b0000,0x00000000d5900000)
  to   space 512K, 0% used [0x00000000d5800000,0x00000000d5800000,0x00000000d5880000)
 ParOldGen       total 250880K, used 250415K [0x0000000080000000, 0x000000008f500000, 0x00000000d5580000)
  object space 250880K, 99% used [0x0000000080000000,0x000000008f48bf08,0x000000008f500000)
 Metaspace       used 70953K, committed 72512K, reserved 1114112K
  class space    used 7121K, committed 7808K, reserved 1048576K
}

