# JRE version: OpenJDK Runtime Environment Temurin-21.0.10+7 (21.0.10+7) (build 21.0.10+7-LTS)
# Java VM: OpenJDK 64-Bit Server VM Temurin-21.0.10+7 (21.0.10+7-LTS, mixed mode, sharing, tiered, compressed oops, compressed class ptrs, parallel gc, windows-amd64)
GC Precious Log:
 CardTable entry size: 512
 CPUs: 8 total, 8 available
 Memory: 16256M
 Large Page Support: Disabled
 NUMA Support: Disabled
 Compressed Oops: Enabled (32-bit)
 Alignments: Space 512K, Generation 512K, Heap 2M
 Heap Min Capacity: 100M
 Heap Initial Capacity: 100M
 Heap Max Capacity: 2G
 Pre-touch: Disabled
 Parallel Workers: 8
Heap:
 PSYoungGen      total 10752K, used 10527K [0x00000000d5580000, 0x00000000d6300000, 0x0000000100000000)
  eden space 7680K, 100% used [0x00000000d5580000,0x00000000d5d00000,0x00000000d5d00000)
  from space 3072K, 92% used [0x00000000d5d00000,0x00000000d5fc7ea0,0x00000000d6000000)
  to   space 3072K, 16% used [0x00000000d6000000,0x00000000d607d3c8,0x00000000d6300000)
 ParOldGen       total 908800K, used 908793K [0x0000000080000000, 0x00000000b7780000, 0x00000000d5580000)
  object space 908800K, 99% used [0x0000000080000000,0x00000000b777e560,0x00000000b7780000)
 Metaspace       used 77071K, committed 78528K, reserved 1179648K
  class space    used 7735K, committed 8384K, reserved 1048576K
GC Heap History (20 events):
Event: 4421.893 GC heap after
{Heap after GC invocations=1486 (full 4):
 PSYoungGen      total 4608K, used 1446K [0x00000000d5580000, 0x00000000d5b80000, 0x0000000100000000)
  eden space 3072K, 0% used [0x00000000d5580000,0x00000000d5580000,0x00000000d5880000)
  from space 1536K, 94% used [0x00000000d5a00000,0x00000000d5b69ae8,0x00000000d5b80000)
  to   space 1536K, 0% used [0x00000000d5880000,0x00000000d5880000,0x00000000d5a00000)
 ParOldGen       total 892928K, used 892886K [0x0000000080000000, 0x00000000b6800000, 0x00000000d5580000)
  object space 892928K, 99% used [0x0000000080000000,0x00000000b67f5928,0x00000000b6800000)
 Metaspace       used 77057K, committed 78528K, reserved 1179648K
  class space    used 7735K, committed 8384K, reserved 1048576K
}
Event: 4421.926 GC heap before
{Heap before GC invocations=1487 (full 4):
 PSYoungGen      total 4608K, used 4518K [0x00000000d5580000, 0x00000000d5b80000, 0x0000000100000000)
  eden space 3072K, 100% used [0x00000000d5580000,0x00000000d5880000,0x00000000d5880000)
  from space 1536K, 94% used [0x00000000d5a00000,0x00000000d5b69ae8,0x00000000d5b80000)
  to   space 1536K, 0% used [0x00000000d5880000,0x00000000d5880000,0x00000000d5a00000)
 ParOldGen       total 892928K, used 892886K [0x0000000080000000, 0x00000000b6800000, 0x00000000d5580000)
  object space 892928K, 99% used [0x0000000080000000,0x00000000b67f5928,0x00000000b6800000)
 Metaspace       used 77057K, committed 78528K, reserved 1179648K
  class space    used 7735K, committed 8384K, reserved 1048576K
}
Event: 4421.932 GC heap after
{Heap after GC invocations=1487 (full 4):
 PSYoungGen      total 4608K, used 1440K [0x00000000d5580000, 0x00000000d5c80000, 0x0000000100000000)
  eden space 3072K, 0% used [0x00000000d5580000,0x00000000d5580000,0x00000000d5880000)
  from space 1536K, 93% used [0x00000000d5880000,0x00000000d59e8000,0x00000000d5a00000)
  to   space 1536K, 0% used [0x00000000d5b00000,0x00000000d5b00000,0x00000000d5c80000)
 ParOldGen       total 894464K, used 894049K [0x0000000080000000, 0x00000000b6980000, 0x00000000d5580000)
  object space 894464K, 99% used [0x0000000080000000,0x00000000b69185c8,0x00000000b6980000)
 Metaspace       used 77057K, committed 78528K, reserved 1179648K
  class space    used 7735K, committed 8384K, reserved 1048576K
}
Event: 4421.953 GC heap before
{Heap before GC invocations=1488 (full 4):
 PSYoungGen      total 4608K, used 4512K [0x00000000d5580000, 0x00000000d5c80000, 0x0000000100000000)
  eden space 3072K, 100% used [0x00000000d5580000,0x00000000d5880000,0x00000000d5880000)
  from space 1536K, 93% used [0x00000000d5880000,0x00000000d59e8000,0x00000000d5a00000)
  to   space 1536K, 0% used [0x00000000d5b00000,0x00000000d5b00000,0x00000000d5c80000)
 ParOldGen       total 894976K, used 894800K [0x0000000080000000, 0x00000000b6a00000, 0x00000000d5580000)
  object space 894976K, 99% used [0x0000000080000000,0x00000000b69d4050,0x00000000b6a00000)
 Metaspace       used 77057K, committed 78528K, reserved 1179648K
  class space    used 7735K, committed 8384K, reserved 1048576K
}
Event: 4421.960 GC heap after
{Heap after GC invocations=1488 (full 4):
 PSYoungGen      total 5632K, used 1147K [0x00000000d5580000, 0x00000000d5c80000, 0x0000000100000000)
  eden space 4096K, 0% used [0x00000000d5580000,0x00000000d5580000,0x00000000d5980000)
  from space 1536K, 74% used [0x00000000d5b00000,0x00000000d5c1ed58,0x00000000d5c80000)
  to   space 1536K, 0% used [0x00000000d5980000,0x00000000d5980000,0x00000000d5b00000)
 ParOldGen       total 896512K, used 896139K [0x0000000080000000, 0x00000000b6b80000, 0x00000000d5580000)
  object space 896512K, 99% used [0x0000000080000000,0x00000000b6b22eb0,0x00000000b6b80000)
 Metaspace       used 77057K, committed 78528K, reserved 1179648K
  class space    used 7735K, committed 8384K, reserved 1048576K
}
Event: 4421.990 GC heap before
{Heap before GC invocations=1489 (full 4):
 PSYoungGen      total 5632K, used 5243K [0x00000000d5580000, 0x00000000d5c80000, 0x0000000100000000)
  eden space 4096K, 100% used [0x00000000d5580000,0x00000000d5980000,0x00000000d5980000)
  from space 1536K, 74% used [0x00000000d5b00000,0x00000000d5c1ed58,0x00000000d5c80000)
  to   space 1536K, 0% used [0x00000000d5980000,0x00000000d5980000,0x00000000d5b00000)
 ParOldGen       total 896512K, used 896139K [0x0000000080000000, 0x00000000b6b80000, 0x00000000d5580000)
  object space 896512K, 99% used [0x0000000080000000,0x00000000b6b22eb0,0x00000000b6b80000)
 Metaspace       used 77057K, committed 78528K, reserved 1179648K
  class space    used 7735K, committed 8384K, reserved 1048576K
}
Event: 4421.996 GC heap after
{Heap after GC invocations=1489 (full 4):
 PSYoungGen      total 5632K, used 1452K [0x00000000d5580000, 0x00000000d5d80000, 0x0000000100000000)
  eden space 4096K, 0% used [0x00000000d5580000,0x00000000d5580000,0x00000000d5980000)
  from space 1536K, 94% used [0x00000000d5980000,0x00000000d5aeb070,0x00000000d5b00000)
  to   space 1536K, 0% used [0x00000000d5c00000,0x00000000d5c00000,0x00000000d5d80000)
 ParOldGen       total 897024K, used 896763K [0x0000000080000000, 0x00000000b6c00000, 0x00000000d5580000)
  object space 897024K, 99% used [0x0000000080000000,0x00000000b6bbeeb0,0x00000000b6c00000)
 Metaspace       used 77057K, committed 78528K, reserved 1179648K
  class space    used 7735K, committed 8384K, reserved 1048576K
}
Event: 4422.026 GC heap before
{Heap before GC invocations=1490 (full 4):
 PSYoungGen      total 5632K, used 5548K [0x00000000d5580000, 0x00000000d5d80000, 0x0000000100000000)
  eden space 4096K, 100% used [0x00000000d5580000,0x00000000d5980000,0x00000000d5980000)
  from space 1536K, 94% used [0x00000000d5980000,0x00000000d5aeb070,0x00000000d5b00000)
  to   space 1536K, 0% used [0x00000000d5c00000,0x00000000d5c00000,0x00000000d5d80000)
 ParOldGen       total 897024K, used 896763K [0x0000000080000000, 0x00000000b6c00000, 0x00000000d5580000)
  object space 897024K, 99% used [0x0000000080000000,0x00000000b6bbeeb0,0x00000000b6c00000)
 Metaspace       used 77058K, committed 78528K, reserved 1179648K
  class space    used 7735K, committed 8384K, reserved 1048576K
}
Event: 4422.040 GC heap after
{Heap after GC invocations=1490 (full 4):
 PSYoungGen      total 6656K, used 1504K [0x00000000d5580000, 0x00000000d5d80000, 0x0000000100000000)
  eden space 5120K, 0% used [0x00000000d5580000,0x00000000d5580000,0x00000000d5a80000)
  from space 1536K, 97% used [0x00000000d5c00000,0x00000000d5d78000,0x00000000d5d80000)
  to   space 1536K, 0% used [0x00000000d5a80000,0x00000000d5a80000,0x00000000d5c00000)
 ParOldGen       total 898560K, used 898059K [0x0000000080000000, 0x00000000b6d80000, 0x00000000d5580000)
  object space 898560K, 99% used [0x0000000080000000,0x00000000b6d02eb0,0x00000000b6d80000)
 Metaspace       used 77058K, committed 78528K, reserved 1179648K
  class space    used 7735K, committed 8384K, reserved 1048576K
}
Event: 4422.077 GC heap before
{Heap before GC invocations=1491 (full 4):
 PSYoungGen      total 6656K, used 6624K [0x00000000d5580000, 0x00000000d5d80000, 0x0000000100000000)
  eden space 5120K, 100% used [0x00000000d5580000,0x00000000d5a80000,0x00000000d5a80000)
  from space 1536K, 97% used [0x00000000d5c00000,0x00000000d5d78000,0x00000000d5d80000)
  to   space 1536K, 0% used [0x00000000d5a80000,0x00000000d5a80000,0x00000000d5c00000)
 ParOldGen       total 898560K, used 898059K [0x0000000080000000, 0x00000000b6d80000, 0x00000000d5580000)
  object space 898560K, 99% used [0x0000000080000000,0x00000000b6d02eb0,0x00000000b6d80000)
 Metaspace       used 77058K, committed 78528K, reserved 1179648K
  class space    used 7735K, committed 8384K, reserved 1048576K
}
Event: 4422.084 GC heap after
{Heap after GC invocations=1491 (full 4):
 PSYoungGen      total 6656K, used 1513K [0x00000000d5580000, 0x00000000d6280000, 0x0000000100000000)
  eden space 5120K, 0% used [0x00000000d5580000,0x00000000d5580000,0x00000000d5a80000)
  from space 1536K, 98% used [0x00000000d5a80000,0x00000000d5bfa760,0x00000000d5c00000)
  to   space 3584K, 0% used [0x00000000d5f00000,0x00000000d5f00000,0x00000000d6280000)
 ParOldGen       total 900096K, used 899647K [0x0000000080000000, 0x00000000b6f00000, 0x00000000d5580000)
  object space 900096K, 99% used [0x0000000080000000,0x00000000b6e8fc30,0x00000000b6f00000)
 Metaspace       used 77058K, committed 78528K, reserved 1179648K
  class space    used 7735K, committed 8384K, reserved 1048576K
}
Event: 4422.106 GC heap before
{Heap before GC invocations=1492 (full 4):
 PSYoungGen      total 6656K, used 6602K [0x00000000d5580000, 0x00000000d6280000, 0x0000000100000000)
  eden space 5120K, 99% used [0x00000000d5580000,0x00000000d5a781b0,0x00000000d5a80000)
  from space 1536K, 98% used [0x00000000d5a80000,0x00000000d5bfa760,0x00000000d5c00000)
  to   space 3584K, 0% used [0x00000000d5f00000,0x00000000d5f00000,0x00000000d6280000)
 ParOldGen       total 900096K, used 899647K [0x0000000080000000, 0x00000000b6f00000, 0x00000000d5580000)
  object space 900096K, 99% used [0x0000000080000000,0x00000000b6e8fc30,0x00000000b6f00000)
 Metaspace       used 77058K, committed 78528K, reserved 1179648K
  class space    used 7735K, committed 8384K, reserved 1048576K
}
Event: 4422.116 GC heap after
{Heap after GC invocations=1492 (full 4):
 PSYoungGen      total 9728K, used 3269K [0x00000000d5580000, 0x00000000d6280000, 0x0000000100000000)
  eden space 6144K, 0% used [0x00000000d5580000,0x00000000d5580000,0x00000000d5b80000)
  from space 3584K, 91% used [0x00000000d5f00000,0x00000000d6231670,0x00000000d6280000)
  to   space 3584K, 0% used [0x00000000d5b80000,0x00000000d5b80000,0x00000000d5f00000)
 ParOldGen       total 901120K, used 900960K [0x0000000080000000, 0x00000000b7000000, 0x00000000d5580000)
  object space 901120K, 99% used [0x0000000080000000,0x00000000b6fd81b0,0x00000000b7000000)
 Metaspace       used 77058K, committed 78528K, reserved 1179648K
  class space    used 7735K, committed 8384K, reserved 1048576K
}
Event: 4422.174 GC heap before
{Heap before GC invocations=1493 (full 4):
 PSYoungGen      total 9728K, used 9413K [0x00000000d5580000, 0x00000000d6280000, 0x0000000100000000)
  eden space 6144K, 100% used [0x00000000d5580000,0x00000000d5b80000,0x00000000d5b80000)
  from space 3584K, 91% used [0x00000000d5f00000,0x00000000d6231670,0x00000000d6280000)
  to   space 3584K, 0% used [0x00000000d5b80000,0x00000000d5b80000,0x00000000d5f00000)
 ParOldGen       total 901120K, used 900960K [0x0000000080000000, 0x00000000b7000000, 0x00000000d5580000)
  object space 901120K, 99% used [0x0000000080000000,0x00000000b6fd81b0,0x00000000b7000000)
 Metaspace       used 77062K, committed 78528K, reserved 1179648K
  class space    used 7735K, committed 8384K, reserved 1048576K
}
Event: 4422.188 GC heap after
{Heap after GC invocations=1493 (full 4):
 PSYoungGen      total 9728K, used 2760K [0x00000000d5580000, 0x00000000d6300000, 0x0000000100000000)
  eden space 6144K, 0% used [0x00000000d5580000,0x00000000d5580000,0x00000000d5b80000)
  from space 3584K, 77% used [0x00000000d5b80000,0x00000000d5e32310,0x00000000d5f00000)
  to   space 3072K, 0% used [0x00000000d6000000,0x00000000d6000000,0x00000000d6300000)
 ParOldGen       total 904192K, used 904072K [0x0000000080000000, 0x00000000b7300000, 0x00000000d5580000)
  object space 904192K, 99% used [0x0000000080000000,0x00000000b72e21c0,0x00000000b7300000)
 Metaspace       used 77062K, committed 78528K, reserved 1179648K
  class space    used 7735K, committed 8384K, reserved 1048576K
}
Event: 4422.275 GC heap before
{Heap before GC invocations=1494 (full 4):
 PSYoungGen      total 9728K, used 8904K [0x00000000d5580000, 0x00000000d6300000, 0x0000000100000000)
  eden space 6144K, 100% used [0x00000000d5580000,0x00000000d5b80000,0x00000000d5b80000)
  from space 3584K, 77% used [0x00000000d5b80000,0x00000000d5e32310,0x00000000d5f00000)
  to   space 3072K, 0% used [0x00000000d6000000,0x00000000d6000000,0x00000000d6300000)
 ParOldGen       total 904192K, used 904072K [0x0000000080000000, 0x00000000b7300000, 0x00000000d5580000)
  object space 904192K, 99% used [0x0000000080000000,0x00000000b72e21c0,0x00000000b7300000)
 Metaspace       used 77062K, committed 78528K, reserved 1179648K
  class space    used 7735K, committed 8384K, reserved 1048576K
}
Event: 4422.286 GC heap after
{Heap after GC invocations=1494 (full 4):
 PSYoungGen      total 10752K, used 2511K [0x00000000d5580000, 0x00000000d6300000, 0x0000000100000000)
  eden space 7680K, 0% used [0x00000000d5580000,0x00000000d5580000,0x00000000d5d00000)
  from space 3072K, 81% used [0x00000000d6000000,0x00000000d6273dd0,0x00000000d6300000)
  to   space 3072K, 0% used [0x00000000d5d00000,0x00000000d5d00000,0x00000000d6000000)
 ParOldGen       total 906752K, used 906381K [0x0000000080000000, 0x00000000b7580000, 0x00000000d5580000)
  object space 906752K, 99% used [0x0000000080000000,0x00000000b7523770,0x00000000b7580000)
 Metaspace       used 77062K, committed 78528K, reserved 1179648K
  class space    used 7735K, committed 8384K, reserved 1048576K
}
Event: 4422.425 GC heap before
{Heap before GC invocations=1495 (full 4):
 PSYoungGen      total 10752K, used 10191K [0x00000000d5580000, 0x00000000d6300000, 0x0000000100000000)
  eden space 7680K, 100% used [0x00000000d5580000,0x00000000d5d00000,0x00000000d5d00000)
  from space 3072K, 81% used [0x00000000d6000000,0x00000000d6273dd0,0x00000000d6300000)
  to   space 3072K, 0% used [0x00000000d5d00000,0x00000000d5d00000,0x00000000d6000000)
 ParOldGen       total 906752K, used 906381K [0x0000000080000000, 0x00000000b7580000, 0x00000000d5580000)
  object space 906752K, 99% used [0x0000000080000000,0x00000000b7523770,0x00000000b7580000)
 Metaspace       used 77064K, committed 78528K, reserved 1179648K
  class space    used 7735K, committed 8384K, reserved 1048576K
}
Event: 4422.432 GC heap after
{Heap after GC invocations=1495 (full 4):
 PSYoungGen      total 10752K, used 2847K [0x00000000d5580000, 0x00000000d6300000, 0x0000000100000000)
  eden space 7680K, 0% used [0x00000000d5580000,0x00000000d5580000,0x00000000d5d00000)
  from space 3072K, 92% used [0x00000000d5d00000,0x00000000d5fc7ea0,0x00000000d6000000)
  to   space 3072K, 0% used [0x00000000d6000000,0x00000000d6000000,0x00000000d6300000)
 ParOldGen       total 908800K, used 908769K [0x0000000080000000, 0x00000000b7780000, 0x00000000d5580000)
  object space 908800K, 99% used [0x0000000080000000,0x00000000b7778560,0x00000000b7780000)
 Metaspace       used 77064K, committed 78528K, reserved 1179648K
  class space    used 7735K, committed 8384K, reserved 1048576K
}
Event: 4423.177 GC heap before
{Heap before GC invocations=1496 (full 4):
 PSYoungGen      total 10752K, used 10527K [0x00000000d5580000, 0x00000000d6300000, 0x0000000100000000)
  eden space 7680K, 100% used [0x00000000d5580000,0x00000000d5d00000,0x00000000d5d00000)
  from space 3072K, 92% used [0x00000000d5d00000,0x00000000d5fc7ea0,0x00000000d6000000)
  to   space 3072K, 0% used [0x00000000d6000000,0x00000000d6000000,0x00000000d6300000)
 ParOldGen       total 908800K, used 908769K [0x0000000080000000, 0x00000000b7780000, 0x00000000d5580000)
  object space 908800K, 99% used [0x0000000080000000,0x00000000b7778560,0x00000000b7780000)
 Metaspace       used 77071K, committed 78528K, reserved 1179648K
  class space    used 7735K, committed 8384K, reserved 1048576K
}

